   ▲ Next.js 15.5.14
   - Environments: .env

   Creating an optimized production build ...
 ✓ Compiled successfully in 2.4s
   Linting and checking validity of types ...
   Collecting page data ...
   Generating static pages (0/4) ...
   Generating static pages (1/4) 
   Generating static pages (2/4) 
   Generating static pages (3/4) 
 ✓ Generating static pages (4/4)
   Finalizing page optimization ...
   Collecting build traces ...

Route (app)                                 Size  First Load JS
┌ ○ /                                      123 B         102 kB
└ ○ /_not-found                            994 B         103 kB
+ First Load JS shared by all             102 kB
  ├ chunks/736-311b7e486eec912f.js       45.9 kB
  ├ chunks/73cfcf22-fbb6626bbb2d33d3.js  54.2 kB
  └ other shared chunks (total)           1.9 kB


○  (Static)  prerendered as static content

